PayPal\Core\PPHttpConnection: Connecting to https://api.sandbox.paypal.com/v1/oauth2/token
PayPal\Core\PPHttpConnection: Payload grant_type=client_credentials
PayPal\Core\PPHttpConnection: Adding header User-Agent: PayPalSDK/rest-sdk-php 0.6.0 (lang=PHP;v=5.4.20;bit=64;os=Darwin_13.0.0;machine=x86_64;openssl=0.9.8r;curl=7.30.0)
PayPal\Core\PPHttpConnection: Adding header Authorization: Basic QVZKeDBSQXJRemtDQ3NXQzBldlppMVNzb080Z3hqRGtrVUxRQmRtUE5CWlQ0ZmMxNEFST1VxLWV0TUVZOkVINUYwQkF4cW9uVm5QOE00YTBjNmV6VUhxLVVULUNXZkdjaVBOUU9kVWxUcFdQa055dVM2ZUROLXRwQQ==
PayPal\Core\PPHttpConnection: Adding header Accept: */*
PayPal\Core\PPHttpConnection: Connecting to https://api.sandbox.paypal.com/v1/payments/payment?count=1&start_index=0
PayPal\Core\PPHttpConnection: Payload 
PayPal\Core\PPHttpConnection: Adding header Content-Type: application/json
PayPal\Core\PPHttpConnection: Adding header User-Agent: PayPalSDK/rest-sdk-php 0.6.0 (lang=PHP;v=5.4.20;bit=64;os=Darwin_13.0.0;machine=x86_64;openssl=0.9.8r;curl=7.30.0)
PayPal\Core\PPHttpConnection: Adding header Authorization: Bearer GOviLNXWAC9YksnbTUIjGMCTjO2kutZtnGRE6i-fgdo
PayPal\Transport\PPRestCall: {"payments":[{"id":"PAY-9LT03109DJ183811TKJVMHXI","create_time":"2013-10-25T19:17:49Z","update_time":"2013-10-25T19:17:57Z","state":"approved","intent":"sale","payer":{"payment_method":"credit_card","funding_instruments":[{"credit_card":{"type":"visa","number":"xxxxxxxxxxxx0331","expire_month":"11","expire_year":"2019","first_name":"Anouar","last_name":"Abdessalam","billing_address":{"line1":"3909 Witmer Road","line2":"Niagara Falls","city":"Niagara Falls","state":"NY","postal_code":"14305","country_code":"US","phone":"716-298-1822"}}}]},"transactions":[{"amount":{"total":"1.00","currency":"USD","details":{"subtotal":"1.00"}},"description":"This is the payment description.","related_resources":[{"sale":{"id":"6HP64959008810252","create_time":"2013-10-25T19:17:49Z","update_time":"2013-10-25T19:17:57Z","state":"completed","amount":{"total":"1.00","currency":"USD"},"parent_payment":"PAY-9LT03109DJ183811TKJVMHXI","links":[{"href":"https://api.sandbox.paypal.com/v1/payments/sale/6HP64959008810252","rel":"self","method":"GET"},{"href":"https://api.sandbox.paypal.com/v1/payments/sale/6HP64959008810252/refund","rel":"refund","method":"POST"},{"href":"https://api.sandbox.paypal.com/v1/payments/payment/PAY-9LT03109DJ183811TKJVMHXI","rel":"parent_payment","method":"GET"}]}}]}],"links":[{"href":"https://api.sandbox.paypal.com/v1/payments/payment/PAY-9LT03109DJ183811TKJVMHXI","rel":"self","method":"GET"}]}],"count":1,"next_id":"PAY-1NA09274MJ791261DKJVMHCY"}
PayPal\Core\PPHttpConnection: Connecting to https://api.sandbox.paypal.com/v1/oauth2/token
PayPal\Core\PPHttpConnection: Payload grant_type=client_credentials
PayPal\Core\PPHttpConnection: Adding header User-Agent: PayPalSDK/rest-sdk-php 0.6.0 (lang=PHP;v=5.4.20;bit=64;os=Darwin_13.0.0;machine=x86_64;openssl=0.9.8r;curl=7.30.0)
PayPal\Core\PPHttpConnection: Adding header Authorization: Basic QVZKeDBSQXJRemtDQ3NXQzBldlppMVNzb080Z3hqRGtrVUxRQmRtUE5CWlQ0ZmMxNEFST1VxLWV0TUVZOkVINUYwQkF4cW9uVm5QOE00YTBjNmV6VUhxLVVULUNXZkdjaVBOUU9kVWxUcFdQa055dVM2ZUROLXRwQQ==
PayPal\Core\PPHttpConnection: Adding header Accept: */*
PayPal\Core\PPHttpConnection: Connecting to https://api.sandbox.paypal.com/v1/payments/payment?count=1&start_index=0
PayPal\Core\PPHttpConnection: Payload 
PayPal\Core\PPHttpConnection: Adding header Content-Type: application/json
PayPal\Core\PPHttpConnection: Adding header User-Agent: PayPalSDK/rest-sdk-php 0.6.0 (lang=PHP;v=5.4.20;bit=64;os=Darwin_13.0.0;machine=x86_64;openssl=0.9.8r;curl=7.30.0)
PayPal\Core\PPHttpConnection: Adding header Authorization: Bearer dfIbEZPDJsqn9g7mQWZXxMpHsmo1h3yV.dIols.S5xQ
PayPal\Transport\PPRestCall: {"payments":[{"id":"PAY-9LT03109DJ183811TKJVMHXI","create_time":"2013-10-25T19:17:49Z","update_time":"2013-10-25T19:17:57Z","state":"approved","intent":"sale","payer":{"payment_method":"credit_card","funding_instruments":[{"credit_card":{"type":"visa","number":"xxxxxxxxxxxx0331","expire_month":"11","expire_year":"2019","first_name":"Anouar","last_name":"Abdessalam","billing_address":{"line1":"3909 Witmer Road","line2":"Niagara Falls","city":"Niagara Falls","state":"NY","postal_code":"14305","country_code":"US","phone":"716-298-1822"}}}]},"transactions":[{"amount":{"total":"1.00","currency":"USD","details":{"subtotal":"1.00"}},"description":"This is the payment description.","related_resources":[{"sale":{"id":"6HP64959008810252","create_time":"2013-10-25T19:17:49Z","update_time":"2013-10-25T19:17:57Z","state":"completed","amount":{"total":"1.00","currency":"USD"},"parent_payment":"PAY-9LT03109DJ183811TKJVMHXI","links":[{"href":"https://api.sandbox.paypal.com/v1/payments/sale/6HP64959008810252","rel":"self","method":"GET"},{"href":"https://api.sandbox.paypal.com/v1/payments/sale/6HP64959008810252/refund","rel":"refund","method":"POST"},{"href":"https://api.sandbox.paypal.com/v1/payments/payment/PAY-9LT03109DJ183811TKJVMHXI","rel":"parent_payment","method":"GET"}]}}]}],"links":[{"href":"https://api.sandbox.paypal.com/v1/payments/payment/PAY-9LT03109DJ183811TKJVMHXI","rel":"self","method":"GET"}]}],"count":1,"next_id":"PAY-1NA09274MJ791261DKJVMHCY"}
PayPal\Core\PPHttpConnection: Connecting to https://api.sandbox.paypal.com/v1/oauth2/token
PayPal\Core\PPHttpConnection: Payload grant_type=client_credentials
PayPal\Core\PPHttpConnection: Adding header User-Agent: PayPalSDK/rest-sdk-php 0.6.0 (lang=PHP;v=5.4.20;bit=64;os=Darwin_13.0.0;machine=x86_64;openssl=0.9.8r;curl=7.30.0)
PayPal\Core\PPHttpConnection: Adding header Authorization: Basic QVZKeDBSQXJRemtDQ3NXQzBldlppMVNzb080Z3hqRGtrVUxRQmRtUE5CWlQ0ZmMxNEFST1VxLWV0TUVZOkVINUYwQkF4cW9uVm5QOE00YTBjNmV6VUhxLVVULUNXZkdjaVBOUU9kVWxUcFdQa055dVM2ZUROLXRwQQ==
PayPal\Core\PPHttpConnection: Adding header Accept: */*
PayPal\Core\PPHttpConnection: Connecting to https://api.sandbox.paypal.com/v1/payments/payment
PayPal\Core\PPHttpConnection: Payload {"intent":"sale","payer":{"payment_method":"credit_card","funding_instruments":[{"credit_card":{"type":"visa","number":"4417119669820331","expire_month":"11","expire_year":"2019","cvv2":"012","first_name":"Anouar","last_name":"Abdessalam","billing_address":{"line1":"3909 Witmer Road","line2":"Niagara Falls","city":"Niagara Falls","state":"NY","postal_code":"14305","country_code":"US","phone":"716-298-1822"}}}]},"transactions":[{"amount":{"currency":"USD","total":"1.00"},"description":"This is the payment description."}]}
PayPal\Core\PPHttpConnection: Adding header Content-Type: application/json
PayPal\Core\PPHttpConnection: Adding header User-Agent: PayPalSDK/rest-sdk-php 0.6.0 (lang=PHP;v=5.4.20;bit=64;os=Darwin_13.0.0;machine=x86_64;openssl=0.9.8r;curl=7.30.0)
PayPal\Core\PPHttpConnection: Adding header Authorization: Bearer ZkIzxsu3N76SeYKe0ijHWm0EVGp.grEdDW4nzHUcHKk
PayPal\Core\PPHttpConnection: Adding header PayPal-Request-Id: joe-olivass-macbook.local14641138323266148969
PayPal\Transport\PPRestCall: {"id":"PAY-4CN76493FH103193XKJZHJGA","create_time":"2013-10-31T15:17:44Z","update_time":"2013-10-31T15:17:52Z","state":"approved","intent":"sale","payer":{"payment_method":"credit_card","funding_instruments":[{"credit_card":{"type":"visa","number":"xxxxxxxxxxxx0331","expire_month":"11","expire_year":"2019","first_name":"Anouar","last_name":"Abdessalam","billing_address":{"line1":"3909 Witmer Road","line2":"Niagara Falls","city":"Niagara Falls","state":"NY","postal_code":"14305","country_code":"US","phone":"716-298-1822"}}}]},"transactions":[{"amount":{"total":"1.00","currency":"USD","details":{"subtotal":"1.00"}},"description":"This is the payment description.","related_resources":[{"sale":{"id":"9PA37943HB189821Y","create_time":"2013-10-31T15:17:44Z","update_time":"2013-10-31T15:17:52Z","state":"completed","amount":{"total":"1.00","currency":"USD"},"parent_payment":"PAY-4CN76493FH103193XKJZHJGA","links":[{"href":"https://api.sandbox.paypal.com/v1/payments/sale/9PA37943HB189821Y","rel":"self","method":"GET"},{"href":"https://api.sandbox.paypal.com/v1/payments/sale/9PA37943HB189821Y/refund","rel":"refund","method":"POST"},{"href":"https://api.sandbox.paypal.com/v1/payments/payment/PAY-4CN76493FH103193XKJZHJGA","rel":"parent_payment","method":"GET"}]}}]}],"links":[{"href":"https://api.sandbox.paypal.com/v1/payments/payment/PAY-4CN76493FH103193XKJZHJGA","rel":"self","method":"GET"}]}
PayPal\Core\PPHttpConnection: Connecting to https://api.sandbox.paypal.com/v1/oauth2/token
PayPal\Core\PPHttpConnection: Payload grant_type=client_credentials
PayPal\Core\PPHttpConnection: Adding header User-Agent: PayPalSDK/rest-sdk-php 0.6.0 (lang=PHP;v=5.4.20;bit=64;os=Darwin_13.0.0;machine=x86_64;openssl=0.9.8r;curl=7.30.0)
PayPal\Core\PPHttpConnection: Adding header Authorization: Basic QVZKeDBSQXJRemtDQ3NXQzBldlppMVNzb080Z3hqRGtrVUxRQmRtUE5CWlQ0ZmMxNEFST1VxLWV0TUVZOkVINUYwQkF4cW9uVm5QOE00YTBjNmV6VUhxLVVULUNXZkdjaVBOUU9kVWxUcFdQa055dVM2ZUROLXRwQQ==
PayPal\Core\PPHttpConnection: Adding header Accept: */*
PayPal\Core\PPHttpConnection: Connecting to https://api.sandbox.paypal.com/v1/payments/payment
PayPal\Core\PPHttpConnection: Payload {"intent":"sale","payer":{"payment_method":"credit_card","funding_instruments":[{"credit_card":{"type":"visa","number":"4417119669820331","expire_month":"11","expire_year":"2019","cvv2":"012","first_name":"Anouar","last_name":"Abdessalam","billing_address":{"line1":"3909 Witmer Road","line2":"Niagara Falls","city":"Niagara Falls","state":"NY","postal_code":"14305","country_code":"US","phone":"716-298-1822"}}}]},"transactions":[{"amount":{"currency":"USD","total":"1.00"},"description":"This is the payment description."}]}
PayPal\Core\PPHttpConnection: Adding header Content-Type: application/json
PayPal\Core\PPHttpConnection: Adding header User-Agent: PayPalSDK/rest-sdk-php 0.6.0 (lang=PHP;v=5.4.20;bit=64;os=Darwin_13.0.0;machine=x86_64;openssl=0.9.8r;curl=7.30.0)
PayPal\Core\PPHttpConnection: Adding header Authorization: Bearer saZC1OLtaNvdzPuH4IcWIpV5xvLJoT.alyepV6Cbn6g
PayPal\Core\PPHttpConnection: Adding header PayPal-Request-Id: joe-olivass-macbook.local14641138323280549710
PayPal\Transport\PPRestCall: {"id":"PAY-2K933244FA6349329KJZHKJY","create_time":"2013-10-31T15:20:07Z","update_time":"2013-10-31T15:20:15Z","state":"approved","intent":"sale","payer":{"payment_method":"credit_card","funding_instruments":[{"credit_card":{"type":"visa","number":"xxxxxxxxxxxx0331","expire_month":"11","expire_year":"2019","first_name":"Anouar","last_name":"Abdessalam","billing_address":{"line1":"3909 Witmer Road","line2":"Niagara Falls","city":"Niagara Falls","state":"NY","postal_code":"14305","country_code":"US","phone":"716-298-1822"}}}]},"transactions":[{"amount":{"total":"1.00","currency":"USD","details":{"subtotal":"1.00"}},"description":"This is the payment description.","related_resources":[{"sale":{"id":"5WH31698EA2433611","create_time":"2013-10-31T15:20:07Z","update_time":"2013-10-31T15:20:15Z","state":"completed","amount":{"total":"1.00","currency":"USD"},"parent_payment":"PAY-2K933244FA6349329KJZHKJY","links":[{"href":"https://api.sandbox.paypal.com/v1/payments/sale/5WH31698EA2433611","rel":"self","method":"GET"},{"href":"https://api.sandbox.paypal.com/v1/payments/sale/5WH31698EA2433611/refund","rel":"refund","method":"POST"},{"href":"https://api.sandbox.paypal.com/v1/payments/payment/PAY-2K933244FA6349329KJZHKJY","rel":"parent_payment","method":"GET"}]}}]}],"links":[{"href":"https://api.sandbox.paypal.com/v1/payments/payment/PAY-2K933244FA6349329KJZHKJY","rel":"self","method":"GET"}]}
PayPal\Core\PPHttpConnection: Connecting to https://api.sandbox.paypal.com/v1/oauth2/token
PayPal\Core\PPHttpConnection: Payload grant_type=client_credentials
PayPal\Core\PPHttpConnection: Adding header User-Agent: PayPalSDK/rest-sdk-php 0.6.0 (lang=PHP;v=5.4.20;bit=64;os=Darwin_13.0.0;machine=x86_64;openssl=0.9.8r;curl=7.30.0)
PayPal\Core\PPHttpConnection: Adding header Authorization: Basic QVZKeDBSQXJRemtDQ3NXQzBldlppMVNzb080Z3hqRGtrVUxRQmRtUE5CWlQ0ZmMxNEFST1VxLWV0TUVZOkVINUYwQkF4cW9uVm5QOE00YTBjNmV6VUhxLVVULUNXZkdjaVBOUU9kVWxUcFdQa055dVM2ZUROLXRwQQ==
PayPal\Core\PPHttpConnection: Adding header Accept: */*
PayPal\Core\PPHttpConnection: Connecting to https://api.sandbox.paypal.com/v1/payments/payment
PayPal\Core\PPHttpConnection: Payload {"intent":"sale","payer":{"payment_method":"credit_card","funding_instruments":[{"credit_card":{"type":"visa","number":"4417119669820331","expire_month":"11","expire_year":"2019","cvv2":"012","first_name":"Anouar","last_name":"Abdessalam","billing_address":{"line1":"3909 Witmer Road","line2":"Niagara Falls","city":"Niagara Falls","state":"NY","postal_code":"14305","country_code":"US","phone":"716-298-1822"}}}]},"transactions":[{"amount":{"currency":"USD","total":"1.00"},"description":"This is the payment description."}]}
PayPal\Core\PPHttpConnection: Adding header Content-Type: application/json
PayPal\Core\PPHttpConnection: Adding header User-Agent: PayPalSDK/rest-sdk-php 0.6.0 (lang=PHP;v=5.4.20;bit=64;os=Darwin_13.0.0;machine=x86_64;openssl=0.9.8r;curl=7.30.0)
PayPal\Core\PPHttpConnection: Adding header Authorization: Bearer F6j7ddXPXWvPiw.9u3IMXkuv8XfnqnXlJkQVBjqiN4s
PayPal\Core\PPHttpConnection: Adding header PayPal-Request-Id: joe-olivass-macbook.local14641138323292014856
PayPal\Transport\PPRestCall: {"id":"PAY-25721722XR219253TKJZHLGY","create_time":"2013-10-31T15:22:03Z","update_time":"2013-10-31T15:22:12Z","state":"approved","intent":"sale","payer":{"payment_method":"credit_card","funding_instruments":[{"credit_card":{"type":"visa","number":"xxxxxxxxxxxx0331","expire_month":"11","expire_year":"2019","first_name":"Anouar","last_name":"Abdessalam","billing_address":{"line1":"3909 Witmer Road","line2":"Niagara Falls","city":"Niagara Falls","state":"NY","postal_code":"14305","country_code":"US","phone":"716-298-1822"}}}]},"transactions":[{"amount":{"total":"1.00","currency":"USD","details":{"subtotal":"1.00"}},"description":"This is the payment description.","related_resources":[{"sale":{"id":"9CA165517W877622S","create_time":"2013-10-31T15:22:03Z","update_time":"2013-10-31T15:22:12Z","state":"completed","amount":{"total":"1.00","currency":"USD"},"parent_payment":"PAY-25721722XR219253TKJZHLGY","links":[{"href":"https://api.sandbox.paypal.com/v1/payments/sale/9CA165517W877622S","rel":"self","method":"GET"},{"href":"https://api.sandbox.paypal.com/v1/payments/sale/9CA165517W877622S/refund","rel":"refund","method":"POST"},{"href":"https://api.sandbox.paypal.com/v1/payments/payment/PAY-25721722XR219253TKJZHLGY","rel":"parent_payment","method":"GET"}]}}]}],"links":[{"href":"https://api.sandbox.paypal.com/v1/payments/payment/PAY-25721722XR219253TKJZHLGY","rel":"self","method":"GET"}]}
PayPal\Core\PPHttpConnection: Connecting to https://api.sandbox.paypal.com/v1/oauth2/token
PayPal\Core\PPHttpConnection: Payload grant_type=client_credentials
PayPal\Core\PPHttpConnection: Adding header User-Agent: PayPalSDK/rest-sdk-php 0.6.0 (lang=PHP;v=5.4.20;bit=64;os=Darwin_13.0.0;machine=x86_64;openssl=0.9.8r;curl=7.30.0)
PayPal\Core\PPHttpConnection: Adding header Authorization: Basic QVZKeDBSQXJRemtDQ3NXQzBldlppMVNzb080Z3hqRGtrVUxRQmRtUE5CWlQ0ZmMxNEFST1VxLWV0TUVZOkVINUYwQkF4cW9uVm5QOE00YTBjNmV6VUhxLVVULUNXZkdjaVBOUU9kVWxUcFdQa055dVM2ZUROLXRwQQ==
PayPal\Core\PPHttpConnection: Adding header Accept: */*
PayPal\Core\PPHttpConnection: Connecting to https://api.sandbox.paypal.com/v1/payments/payment
PayPal\Core\PPHttpConnection: Payload {"intent":"sale","payer":{"payment_method":"credit_card","funding_instruments":[{"credit_card":{"type":"visa","number":"4417119669820331","expire_month":"11","expire_year":"2019","cvv2":"012","first_name":"Anouar","last_name":"Abdessalam","billing_address":{"line1":"3909 Witmer Road","line2":"Niagara Falls","city":"Niagara Falls","state":"NY","postal_code":"14305","country_code":"US","phone":"716-298-1822"}}}]},"transactions":[{"amount":{"currency":"USD","total":"1.00"},"description":"This is the payment description."}]}
PayPal\Core\PPHttpConnection: Adding header Content-Type: application/json
PayPal\Core\PPHttpConnection: Adding header User-Agent: PayPalSDK/rest-sdk-php 0.6.0 (lang=PHP;v=5.4.20;bit=64;os=Darwin_13.0.0;machine=x86_64;openssl=0.9.8r;curl=7.30.0)
PayPal\Core\PPHttpConnection: Adding header Authorization: Bearer QgIa2giNUNf3-XVFF1M7ELmbuJ5wB5D1Ts3OZ.N7I6s
PayPal\Core\PPHttpConnection: Adding header PayPal-Request-Id: joe-olivass-macbook.local14641138323306514802
PayPal\Transport\PPRestCall: {"id":"PAY-3RF72312CN682621KKJZHMLA","create_time":"2013-10-31T15:24:28Z","update_time":"2013-10-31T15:24:37Z","state":"approved","intent":"sale","payer":{"payment_method":"credit_card","funding_instruments":[{"credit_card":{"type":"visa","number":"xxxxxxxxxxxx0331","expire_month":"11","expire_year":"2019","first_name":"Anouar","last_name":"Abdessalam","billing_address":{"line1":"3909 Witmer Road","line2":"Niagara Falls","city":"Niagara Falls","state":"NY","postal_code":"14305","country_code":"US","phone":"716-298-1822"}}}]},"transactions":[{"amount":{"total":"1.00","currency":"USD","details":{"subtotal":"1.00"}},"description":"This is the payment description.","related_resources":[{"sale":{"id":"1CH80370UJ522363W","create_time":"2013-10-31T15:24:28Z","update_time":"2013-10-31T15:24:37Z","state":"completed","amount":{"total":"1.00","currency":"USD"},"parent_payment":"PAY-3RF72312CN682621KKJZHMLA","links":[{"href":"https://api.sandbox.paypal.com/v1/payments/sale/1CH80370UJ522363W","rel":"self","method":"GET"},{"href":"https://api.sandbox.paypal.com/v1/payments/sale/1CH80370UJ522363W/refund","rel":"refund","method":"POST"},{"href":"https://api.sandbox.paypal.com/v1/payments/payment/PAY-3RF72312CN682621KKJZHMLA","rel":"parent_payment","method":"GET"}]}}]}],"links":[{"href":"https://api.sandbox.paypal.com/v1/payments/payment/PAY-3RF72312CN682621KKJZHMLA","rel":"self","method":"GET"}]}
